<?xml version="1.0" encoding="UTF-8"?>
<!-- Generated by org.testng.reporters.JUnitReportReporter -->
<testsuite hostname="TYSS-Apoorva" failures="0" tests="6" name="workingWithExternalDatas.RegisterForDemo" time="32.829" errors="1" timestamp="2023-09-26T23:39:24 IST" skipped="0">
  <testcase classname="workingWithExternalDatas.RegisterForDemo" name="registerUser" time="8.896"/>
  <testcase classname="workingWithExternalDatas.RegisterForDemo" name="registerUser" time="5.297"/>
  <testcase classname="workingWithExternalDatas.RegisterForDemo" name="registerUser" time="6.079"/>
  <testcase classname="workingWithExternalDatas.RegisterForDemo" name="registerUser" time="5.865"/>
  <testcase classname="workingWithExternalDatas.RegisterForDemo" name="registerUser" time="1.283">
    <error message="session not created
from no such execution context: loader has changed while resolving nodes
  (Session info: chrome=116.0.5845.188)
Build info: version: &#039;3.141.59&#039;, revision: &#039;e82be7d358&#039;, time: &#039;2018-11-14T08:25:53&#039;
System info: host: &#039;TYSS-APOORVA&#039;, ip: &#039;192.168.1.100&#039;, os.name: &#039;Windows 11&#039;, os.arch: &#039;amd64&#039;, os.version: &#039;10.0&#039;, java.version: &#039;11.0.20&#039;
Driver info: driver.version: ChromeDriver
remote stacktrace: 	GetHandleVerifier [0x00007FF63F7A52A2+57122]
	(No symbol) [0x00007FF63F71EA92]
	(No symbol) [0x00007FF63F5EE3AB]
	(No symbol) [0x00007FF63F5F190C]
	(No symbol) [0x00007FF63F5F3D2F]
	(No symbol) [0x00007FF63F5F3E20]
	(No symbol) [0x00007FF63F64FF28]
	(No symbol) [0x00007FF63F64E5B0]
	(No symbol) [0x00007FF63F646DB3]
	(No symbol) [0x00007FF63F61D2B1]
	(No symbol) [0x00007FF63F61E494]
	GetHandleVerifier [0x00007FF63FA4EF82+2849794]
	GetHandleVerifier [0x00007FF63FAA1D24+3189156]
	GetHandleVerifier [0x00007FF63FA9ACAF+3160367]
	GetHandleVerifier [0x00007FF63F836D06+653702]
	(No symbol) [0x00007FF63F72A208]
	(No symbol) [0x00007FF63F7262C4]
	(No symbol) [0x00007FF63F7263F6]
	(No symbol) [0x00007FF63F7167A3]
	BaseThreadInitThunk [0x00007FFE751A257D+29]
	RtlUserThreadStart [0x00007FFE769EAA68+40]
" type="org.openqa.selenium.SessionNotCreatedException">
      <![CDATA[org.openqa.selenium.SessionNotCreatedException: session not created
from no such execution context: loader has changed while resolving nodes
  (Session info: chrome=116.0.5845.188)
Build info: version: '3.141.59', revision: 'e82be7d358', time: '2018-11-14T08:25:53'
System info: host: 'TYSS-APOORVA', ip: '192.168.1.100', os.name: 'Windows 11', os.arch: 'amd64', os.version: '10.0', java.version: '11.0.20'
Driver info: driver.version: ChromeDriver
remote stacktrace: GetHandleVerifier [0x00007FF63F7A52A2+57122]
(No symbol) [0x00007FF63F71EA92]
(No symbol) [0x00007FF63F5EE3AB]
(No symbol) [0x00007FF63F5F190C]
(No symbol) [0x00007FF63F5F3D2F]
(No symbol) [0x00007FF63F5F3E20]
(No symbol) [0x00007FF63F64FF28]
(No symbol) [0x00007FF63F64E5B0]
(No symbol) [0x00007FF63F646DB3]
(No symbol) [0x00007FF63F61D2B1]
(No symbol) [0x00007FF63F61E494]
GetHandleVerifier [0x00007FF63FA4EF82+2849794]
GetHandleVerifier [0x00007FF63FAA1D24+3189156]
GetHandleVerifier [0x00007FF63FA9ACAF+3160367]
GetHandleVerifier [0x00007FF63F836D06+653702]
(No symbol) [0x00007FF63F72A208]
(No symbol) [0x00007FF63F7262C4]
(No symbol) [0x00007FF63F7263F6]
(No symbol) [0x00007FF63F7167A3]
BaseThreadInitThunk [0x00007FFE751A257D+29]
RtlUserThreadStart [0x00007FFE769EAA68+40]

at java.base/jdk.internal.reflect.NativeConstructorAccessorImpl.newInstance0(Native Method)
at java.base/jdk.internal.reflect.NativeConstructorAccessorImpl.newInstance(NativeConstructorAccessorImpl.java:62)
at java.base/jdk.internal.reflect.DelegatingConstructorAccessorImpl.newInstance(DelegatingConstructorAccessorImpl.java:45)
at java.base/java.lang.reflect.Constructor.newInstance(Constructor.java:490)
at org.openqa.selenium.remote.W3CHandshakeResponse.lambda$errorHandler$0(W3CHandshakeResponse.java:62)
at org.openqa.selenium.remote.HandshakeResponse.lambda$getResponseFunction$0(HandshakeResponse.java:30)
at org.openqa.selenium.remote.ProtocolHandshake.lambda$createSession$0(ProtocolHandshake.java:126)
at java.base/java.util.stream.ReferencePipeline$3$1.accept(ReferencePipeline.java:195)
at java.base/java.util.Spliterators$ArraySpliterator.tryAdvance(Spliterators.java:958)
at java.base/java.util.stream.ReferencePipeline.forEachWithCancel(ReferencePipeline.java:127)
at java.base/java.util.stream.AbstractPipeline.copyIntoWithCancel(AbstractPipeline.java:502)
at java.base/java.util.stream.AbstractPipeline.copyInto(AbstractPipeline.java:488)
at java.base/java.util.stream.AbstractPipeline.wrapAndCopyInto(AbstractPipeline.java:474)
at java.base/java.util.stream.FindOps$FindOp.evaluateSequential(FindOps.java:150)
at java.base/java.util.stream.AbstractPipeline.evaluate(AbstractPipeline.java:234)
at java.base/java.util.stream.ReferencePipeline.findFirst(ReferencePipeline.java:543)
at org.openqa.selenium.remote.ProtocolHandshake.createSession(ProtocolHandshake.java:128)
at org.openqa.selenium.remote.ProtocolHandshake.createSession(ProtocolHandshake.java:74)
at org.openqa.selenium.remote.HttpCommandExecutor.execute(HttpCommandExecutor.java:136)
at org.openqa.selenium.remote.service.DriverCommandExecutor.execute(DriverCommandExecutor.java:83)
at org.openqa.selenium.remote.RemoteWebDriver.execute(RemoteWebDriver.java:552)
at org.openqa.selenium.remote.RemoteWebDriver.startSession(RemoteWebDriver.java:213)
at org.openqa.selenium.remote.RemoteWebDriver.<init>(RemoteWebDriver.java:131)
at org.openqa.selenium.chrome.ChromeDriver.<init>(ChromeDriver.java:181)
at org.openqa.selenium.chrome.ChromeDriver.<init>(ChromeDriver.java:168)
at org.openqa.selenium.chrome.ChromeDriver.<init>(ChromeDriver.java:123)
at workingWithExternalDatas.RegisterForDemo.registerUser(RegisterForDemo.java:35)
at java.base/jdk.internal.reflect.NativeMethodAccessorImpl.invoke0(Native Method)
at java.base/jdk.internal.reflect.NativeMethodAccessorImpl.invoke(NativeMethodAccessorImpl.java:62)
at java.base/jdk.internal.reflect.DelegatingMethodAccessorImpl.invoke(DelegatingMethodAccessorImpl.java:43)
at java.base/java.lang.reflect.Method.invoke(Method.java:566)
at org.testng.internal.invokers.MethodInvocationHelper.invokeMethod(MethodInvocationHelper.java:139)
at org.testng.internal.invokers.TestInvoker.invokeMethod(TestInvoker.java:664)
at org.testng.internal.invokers.TestInvoker.invokeTestMethod(TestInvoker.java:227)
at org.testng.internal.invokers.MethodRunner.runInSequence(MethodRunner.java:50)
at org.testng.internal.invokers.TestInvoker$MethodInvocationAgent.invoke(TestInvoker.java:957)
at org.testng.internal.invokers.TestInvoker.invokeTestMethods(TestInvoker.java:200)
at org.testng.internal.invokers.TestMethodWorker.invokeTestMethods(TestMethodWorker.java:148)
at org.testng.internal.invokers.TestMethodWorker.run(TestMethodWorker.java:128)
at java.base/java.util.ArrayList.forEach(ArrayList.java:1541)
at org.testng.TestRunner.privateRun(TestRunner.java:848)
at org.testng.TestRunner.run(TestRunner.java:621)
at org.testng.SuiteRunner.runTest(SuiteRunner.java:443)
at org.testng.SuiteRunner.runSequentially(SuiteRunner.java:437)
at org.testng.SuiteRunner.privateRun(SuiteRunner.java:397)
at org.testng.SuiteRunner.run(SuiteRunner.java:336)
at org.testng.SuiteRunnerWorker.runSuite(SuiteRunnerWorker.java:52)
at org.testng.SuiteRunnerWorker.run(SuiteRunnerWorker.java:95)
at org.testng.TestNG.runSuitesSequentially(TestNG.java:1280)
at org.testng.TestNG.runSuitesLocally(TestNG.java:1200)
at org.testng.TestNG.runSuites(TestNG.java:1114)
at org.testng.TestNG.run(TestNG.java:1082)
at org.testng.remote.AbstractRemoteTestNG.run(AbstractRemoteTestNG.java:115)
at org.testng.remote.RemoteTestNG.initAndRun(RemoteTestNG.java:251)
at org.testng.remote.RemoteTestNG.main(RemoteTestNG.java:77)
]]>
    </error>
  </testcase> <!-- registerUser -->
  <testcase classname="workingWithExternalDatas.RegisterForDemo" name="registerUser" time="5.409"/>
</testsuite> <!-- workingWithExternalDatas.RegisterForDemo -->
