<?xml version="1.0" encoding="UTF-8"?>
<!-- Generated by org.testng.reporters.JUnitXMLReporter -->
<testsuite ignored="0" hostname="TYSS-Apoorva" failures="1" tests="8" name="Test" time="109.896" errors="0" timestamp="2023-11-29T00:06:02 IST">
  <testcase classname="testScripts.TC_ferreroro_007" name="adhar" time="0.065">
    <failure type="java.lang.IllegalStateException" message="The path to the driver executable must be set by the webdriver.chrome.driver system property; for more information, see https://github.com/SeleniumHQ/selenium/wiki/ChromeDriver. The latest version can be downloaded from http://chromedriver.storage.googleapis.com/index.html">
      <![CDATA[java.lang.IllegalStateException: The path to the driver executable must be set by the webdriver.chrome.driver system property; for more information, see https://github.com/SeleniumHQ/selenium/wiki/ChromeDriver. The latest version can be downloaded from http://chromedriver.storage.googleapis.com/index.html
at com.google.common.base.Preconditions.checkState(Preconditions.java:847)
at org.openqa.selenium.remote.service.DriverService.findExecutable(DriverService.java:134)
at org.openqa.selenium.chrome.ChromeDriverService.access$000(ChromeDriverService.java:35)
at org.openqa.selenium.chrome.ChromeDriverService$Builder.findDefaultExecutable(ChromeDriverService.java:159)
at org.openqa.selenium.remote.service.DriverService$Builder.build(DriverService.java:355)
at org.openqa.selenium.chrome.ChromeDriverService.createDefaultService(ChromeDriverService.java:94)
at org.openqa.selenium.chrome.ChromeDriver.<init>(ChromeDriver.java:123)
at testScripts.TC_ferreroro_007.adhar(TC_ferreroro_007.java:11)
at java.base/java.util.ArrayList.forEach(ArrayList.java:1541)
... Removed 27 stack frames]]>
    </failure>
  </testcase> <!-- adhar -->
  <testcase classname="testScripts.TC_kitkat_006" name="kitkat" time="12.218"/>
  <testcase classname="testScripts.TC_bmtc_003" name="bmtc" time="19.675"/>
  <testcase classname="testScripts.TC_ksrtc_002" name="ksrtc" time="13.629"/>
  <testcase classname="testScripts.TC_testyantra_008" name="adhar" time="28.514"/>
  <testcase classname="testScripts.TC_demoweb_004" name="demoweb" time="8.679"/>
  <testcase classname="testScripts.TC_adhar_001" name="adhar" time="3.837"/>
  <testcase classname="testScripts.TC_cadbury_005" name="cadbury" time="23.133"/>
</testsuite> <!-- Test -->
